{"level":"info","message":"User with email id pavanshah@gmail.com added bidding advertisement for Sterio system with initial price 250","timestamp":"2016-10-25T22:33:04.040Z"}
{"level":"info","message":"Bidding item Sterio system will be sold on 25","timestamp":"2016-10-25T22:33:04.066Z"}
{"level":"info","message":"Bidding Item Sterio system has been sold to vanshzaveri@gmail.com","timestamp":"2016-10-25T22:34:04.098Z"}
{"level":"info","message":"User with email id nitishbarya@gmail.com added bidding advertisement for Bicycle with initial price 120","timestamp":"2016-11-01T08:55:20.817Z"}
{"level":"info","message":"User with email id nitishbarya@gmail.com added bidding advertisement for Bicycle with initial price 120","timestamp":"2016-11-01T09:00:21.601Z"}
{"level":"info","message":"Bidding item Bicycle will be sold on 5","timestamp":"2016-11-01T09:00:21.640Z"}
{"level":"info","message":"User with email id nitishbarya@gmail.com added bidding advertisement for Bicycle with initial price 120","timestamp":"2016-11-01T09:01:33.529Z"}
{"level":"info","message":"Bidding item Bicycle will be sold on 1","timestamp":"2016-11-01T09:01:33.550Z"}
{"level":"info","message":"User with email id nitishbarya@gmail.com added bidding advertisement for Bicycle with initial price 120","timestamp":"2016-11-01T09:22:45.772Z"}
{"level":"info","message":"User with email id nitishbarya@gmail.com added bidding advertisement for Bicycle with initial price 120","timestamp":"2016-11-01T09:27:39.311Z"}
{"level":"info","message":"Bidding item Bicycle will be sold on 1","timestamp":"2016-11-01T09:27:39.330Z"}
{"level":"info","message":"User with email id nitishbarya@gmail.com added bidding advertisement for Bicycle with initial price 120","timestamp":"2016-11-01T09:40:56.438Z"}
{"level":"info","message":"Bidding item Bicycle will be sold on 1","timestamp":"2016-11-01T09:40:56.458Z"}
{"level":"info","message":"User with email id pavanshah@gmail.com added bidding advertisement for Study table with initial price 150","timestamp":"2016-11-01T10:02:44.493Z"}
{"level":"info","message":"Bidding item Study table will be sold on 1","timestamp":"2016-11-01T10:02:44.511Z"}
{"level":"info","message":"Bidding Item Study table has been sold to pavanshah@gmail.com","timestamp":"2016-11-01T10:03:44.562Z"}
{"level":"info","message":"User with email id pavanshah@gmail.com added bidding advertisement for Bicycle with initial price 100","timestamp":"2016-11-04T23:04:04.907Z"}
{"level":"info","message":"Bidding item Bicycle will be sold on 4","timestamp":"2016-11-04T23:04:05.050Z"}
{"level":"info","message":"Bidding Item Bicycle has been sold to pavanshah@gmail.com","timestamp":"2016-11-04T23:05:05.092Z"}
{"level":"info","message":"User with email id pavanshah@gmail.com added bidding advertisement for TV set with initial price 120","timestamp":"2016-11-06T03:27:59.449Z"}
{"level":"info","message":"Bidding item TV set will be sold on 5","timestamp":"2016-11-06T03:27:59.651Z"}
{"level":"info","message":"Bidding Item TV set has been sold to vanshzaveri@gmail.com","timestamp":"2016-11-06T03:28:59.566Z"}
