{"level":"info","message":"User with email id amitpatel@gmail.com added Bicycle to cart","timestamp":"2016-10-24T08:38:19.313Z"}
{"level":"info","message":"User with email id apoorvmehta@gmail.com added vacuum cleaner to cart","timestamp":"2016-10-24T08:40:04.146Z"}
{"level":"info","message":"User with email id apoorvmehta@gmail.com added iphone 6s to cart","timestamp":"2016-10-24T08:40:07.114Z"}
{"level":"info","message":"User with email id apoorvmehta@gmail.com deleted vacuum cleaner from cart","timestamp":"2016-10-24T08:40:08.679Z"}
{"level":"info","message":"User with email id pavanshah@gmail.com added Bicycle to cart","timestamp":"2016-10-24T08:44:45.990Z"}
{"level":"info","message":"User with email id pavanshah@gmail.com added vacuum cleaner to cart","timestamp":"2016-10-24T08:44:47.408Z"}
{"level":"info","message":"User with email id pavanshah@gmail.com deleted skullcandy headphones from cart","timestamp":"2016-10-24T08:44:49.885Z"}
{"level":"info","message":"User with email id pavanshah@gmail.com deleted iphone 6s from cart","timestamp":"2016-10-24T08:44:51.171Z"}
{"level":"info","message":"User with email id pavanshah@gmail.com clicked on sell on ebay","timestamp":"2016-10-24T08:44:53.752Z"}
{"level":"info","message":"User with email id pavanshah@gmail.com clicked on my account","timestamp":"2016-10-24T08:44:57.838Z"}
{"level":"info","message":"User with email id pavanshah@gmail.com clicked on checkout","timestamp":"2016-10-24T08:45:02.117Z"}
{"level":"info","message":"User with email id apoorvmehta@gmail.com clicked on sell on ebay","timestamp":"2016-10-24T08:48:03.780Z"}
{"level":"info","message":"User with email id apoorvmehta@gmail.com clicked on sell on ebay","timestamp":"2016-10-24T08:48:35.006Z"}
{"level":"info","message":"User with email id pavanshah@gmail.com clicked on sell on ebay","timestamp":"2016-10-24T08:51:10.649Z"}
{"level":"info","message":"User with email id amitpatel@gmail.com added Bicycle to cart","timestamp":"2016-10-24T08:53:19.850Z"}
{"level":"info","message":"User with email id amitpatel@gmail.com added vacuum cleaner to cart","timestamp":"2016-10-24T08:53:21.234Z"}
{"level":"info","message":"User with email id amitpatel@gmail.com clicked on my account","timestamp":"2016-10-24T08:54:04.474Z"}
{"level":"info","message":"User with email id amitpatel@gmail.com clicked on sell on ebay","timestamp":"2016-10-24T08:54:11.299Z"}
{"level":"info","message":"User with email id amitpatel@gmail.com clicked on my account","timestamp":"2016-10-24T08:54:15.289Z"}
{"level":"info","message":"User with email id amitpatel@gmail.com clicked on checkout","timestamp":"2016-10-24T08:54:22.135Z"}
{"level":"info","message":"User with email id amitpatel@gmail.com clicked on checkout","timestamp":"2016-10-24T19:05:19.230Z"}
{"level":"info","message":"User with email id amitpatel@gmail.com deleted vacuum cleaner from cart","timestamp":"2016-10-24T19:06:09.949Z"}
{"level":"info","message":"User with email id amitpatel@gmail.com added lenovo yoga laptop to cart","timestamp":"2016-10-24T19:06:16.039Z"}
{"level":"info","message":"User with email id amitpatel@gmail.com clicked on checkout","timestamp":"2016-10-24T19:09:04.620Z"}
{"level":"info","message":"User with email id amitpatel@gmail.com clicked on checkout","timestamp":"2016-10-24T19:25:35.394Z"}
{"level":"info","message":"User with email id pavanshah@gmail.com clicked on checkout","timestamp":"2016-10-24T19:29:00.915Z"}
{"level":"info","message":"User with email id amitpatel@gmail.com clicked on checkout","timestamp":"2016-10-24T19:33:34.456Z"}
{"level":"info","message":"User with email id pavanshah@gmail.com clicked on checkout","timestamp":"2016-10-24T19:35:42.128Z"}
{"level":"info","message":"User with email id pavanshah@gmail.com clicked on checkout","timestamp":"2016-10-24T19:36:17.001Z"}
{"level":"info","message":"User with email id pavanshah@gmail.com clicked on checkout","timestamp":"2016-10-24T19:38:08.861Z"}
{"level":"info","message":"User with email id pavanshah@gmail.com clicked on checkout","timestamp":"2016-10-24T19:38:51.799Z"}
{"level":"info","message":"User with email id pavanshah@gmail.com clicked on checkout","timestamp":"2016-10-24T19:40:07.215Z"}
{"level":"info","message":"User with email id pavanshah@gmail.com clicked on checkout","timestamp":"2016-10-24T19:45:45.700Z"}
{"level":"info","message":"User with email id amitpatel@gmail.com clicked on checkout","timestamp":"2016-10-24T19:51:06.899Z"}
{"level":"info","message":"User with email id pavanshah@gmail.com clicked on checkout","timestamp":"2016-10-24T19:54:21.494Z"}
{"level":"info","message":"User with email id pavanshah@gmail.com clicked on checkout","timestamp":"2016-10-24T20:02:09.636Z"}
{"level":"info","message":"User with email id pavanshah@gmail.com clicked on my account","timestamp":"2016-10-24T20:03:56.127Z"}
{"level":"info","message":"User with email id pavanshah@gmail.com clicked on checkout","timestamp":"2016-10-24T20:03:59.451Z"}
{"level":"info","message":"User with email id pavanshah@gmail.com clicked on checkout","timestamp":"2016-10-24T20:06:13.630Z"}
{"level":"info","message":"User with email id pavanshah@gmail.com clicked on checkout","timestamp":"2016-10-24T20:07:47.280Z"}
{"level":"info","message":"User with email id pavanshah@gmail.com clicked on checkout","timestamp":"2016-10-24T20:10:12.864Z"}
{"level":"info","message":"User with email id pavanshah@gmail.com clicked on checkout","timestamp":"2016-10-24T20:15:11.481Z"}
{"level":"info","message":"User with email id pavanshah@gmail.com clicked on checkout","timestamp":"2016-10-24T20:17:33.602Z"}
{"level":"info","message":"User with email id pavanshah@gmail.com clicked on checkout","timestamp":"2016-10-24T20:19:23.132Z"}
{"level":"info","message":"User with email id amitpatel@gmail.com clicked on checkout","timestamp":"2016-10-24T20:21:30.158Z"}
{"level":"info","message":"User with email id pavanshah@gmail.com clicked on checkout","timestamp":"2016-10-24T20:22:56.662Z"}
{"level":"info","message":"User with email id pavanshah@gmail.com clicked on checkout","timestamp":"2016-10-24T20:26:56.551Z"}
{"level":"info","message":"User with email id pavanshah@gmail.com clicked on checkout","timestamp":"2016-10-24T20:32:21.329Z"}
{"level":"info","message":"User with email id pavanshah@gmail.com clicked on checkout","timestamp":"2016-10-24T20:35:26.607Z"}
{"level":"info","message":"User with email id pavanshah@gmail.com clicked on checkout","timestamp":"2016-10-24T20:40:02.013Z"}
{"level":"info","message":"User with email id pavanshah@gmail.com clicked on checkout","timestamp":"2016-10-24T20:43:53.509Z"}
{"level":"info","message":"User with email id pavanshah@gmail.com clicked on checkout","timestamp":"2016-10-24T20:45:19.938Z"}
{"level":"info","message":"User with email id pavanshah@gmail.com clicked on checkout","timestamp":"2016-10-24T20:48:05.910Z"}
{"level":"info","message":"User with email id pavanshah@gmail.com clicked on checkout","timestamp":"2016-10-24T20:50:03.277Z"}
{"level":"info","message":"User with email id pavanshah@gmail.com clicked on checkout","timestamp":"2016-10-24T21:03:24.380Z"}
{"level":"info","message":"User with email id pavanshah@gmail.com clicked on checkout","timestamp":"2016-10-24T21:04:51.428Z"}
{"level":"info","message":"User with email id pavanshah@gmail.com clicked on checkout","timestamp":"2016-10-24T21:07:22.999Z"}
{"level":"info","message":"User with email id pavanshah@gmail.com clicked on checkout","timestamp":"2016-10-24T21:09:10.373Z"}
{"level":"info","message":"User with email id pavanshah@gmail.com added iphone 6s to cart","timestamp":"2016-10-24T21:19:18.859Z"}
{"level":"info","message":"User with email id pavanshah@gmail.com clicked on checkout","timestamp":"2016-10-24T21:19:20.024Z"}
{"level":"info","message":"User with email id pavanshah@gmail.com clicked on checkout","timestamp":"2016-10-24T21:20:44.292Z"}
{"level":"info","message":"User with email id pavanshah@gmail.com clicked on checkout","timestamp":"2016-10-25T01:34:45.861Z"}
{"level":"info","message":"User with email id pavanshah@gmail.com clicked on checkout","timestamp":"2016-10-25T02:05:26.715Z"}
{"level":"info","message":"User with email id pavanshah@gmail.com clicked on checkout","timestamp":"2016-10-25T02:17:12.223Z"}
{"level":"info","message":"User with email id pavanshah@gmail.com added Samsung galaxy s7 to cart","timestamp":"2016-10-25T02:23:01.806Z"}
{"level":"info","message":"User with email id pavanshah@gmail.com deleted Bicycle from cart","timestamp":"2016-10-25T02:23:28.494Z"}
{"level":"info","message":"User with email id pavanshah@gmail.com deleted vacuum cleaner from cart","timestamp":"2016-10-25T02:23:34.729Z"}
{"level":"info","message":"User with email id pavanshah@gmail.com deleted iphone 6s from cart","timestamp":"2016-10-25T02:23:35.726Z"}
{"level":"info","message":"User with email id pavanshah@gmail.com added lenovo yoga laptop to cart","timestamp":"2016-10-25T02:23:45.202Z"}
{"level":"info","message":"User with email id pavanshah@gmail.com clicked on checkout","timestamp":"2016-10-25T02:23:46.489Z"}
{"level":"info","message":"User with email id pavanshah@gmail.com deleted lenovo yoga laptop from cart","timestamp":"2016-10-25T02:27:09.819Z"}
{"level":"info","message":"User with email id pavanshah@gmail.com added skullcandy headphones to cart","timestamp":"2016-10-25T02:27:12.719Z"}
{"level":"info","message":"User with email id pavanshah@gmail.com clicked on checkout","timestamp":"2016-10-25T02:27:14.305Z"}
{"level":"info","message":"User with email id pavanshah@gmail.com clicked on checkout","timestamp":"2016-10-25T02:34:13.192Z"}
{"level":"info","message":"User with email id amitpatel@gmail.com deleted Bicycle from cart","timestamp":"2016-10-25T02:44:56.833Z"}
{"level":"info","message":"User with email id amitpatel@gmail.com clicked on checkout","timestamp":"2016-10-25T02:45:04.418Z"}
{"level":"info","message":"User with email id amitpatel@gmail.com clicked on sell on ebay","timestamp":"2016-10-25T02:49:32.499Z"}
{"level":"info","message":"User with email id amitpatel@gmail.com added new advertisement for Lenovo K3 note mobile","timestamp":"2016-10-25T02:50:10.288Z"}
{"level":"info","message":"User with email id amitpatel@gmail.com clicked on my account","timestamp":"2016-10-25T02:50:30.224Z"}
{"level":"info","message":"User with email id amitpatel@gmail.com added HP pavilion laptop to cart","timestamp":"2016-10-25T02:50:49.006Z"}
{"level":"info","message":"User with email id amitpatel@gmail.com clicked on checkout","timestamp":"2016-10-25T02:50:51.056Z"}
{"level":"info","message":"User with email id jainammehta@gmail.com added Lenovo K3 note mobile to cart","timestamp":"2016-10-25T03:00:33.962Z"}
{"level":"info","message":"User with email id jainammehta@gmail.com clicked on checkout","timestamp":"2016-10-25T03:00:36.467Z"}
{"level":"info","message":"User with email id pavanshah@gmail.com deleted Samsung galaxy s7 from cart","timestamp":"2016-10-25T03:03:04.147Z"}
{"level":"info","message":"User with email id pavanshah@gmail.com deleted skullcandy headphones from cart","timestamp":"2016-10-25T03:03:05.353Z"}
{"level":"info","message":"User with email id amitpatel@gmail.com clicked on my account","timestamp":"2016-10-25T03:06:19.458Z"}
{"level":"info","message":"User with email id pavanshah@gmail.com added iphone 6s to cart","timestamp":"2016-10-25T03:18:35.647Z"}
{"level":"info","message":"User with email id pavanshah@gmail.com added iphone 6s to cart","timestamp":"2016-10-25T03:18:43.042Z"}
{"level":"info","message":"User with email id pavanshah@gmail.com added vacuum cleaner to cart","timestamp":"2016-10-25T03:18:51.129Z"}
{"level":"info","message":"User with email id pavanshah@gmail.com added vacuum cleaner to cart","timestamp":"2016-10-25T03:18:55.653Z"}
{"level":"info","message":"User with email id pavanshah@gmail.com deleted vacuum cleaner from cart","timestamp":"2016-10-25T03:19:13.995Z"}
{"level":"info","message":"User with email id pavanshah@gmail.com deleted iphone 6s from cart","timestamp":"2016-10-25T03:19:15.545Z"}
{"level":"info","message":"User with email id pavanshah@gmail.com added vacuum cleaner to cart","timestamp":"2016-10-25T03:23:58.435Z"}
{"level":"info","message":"User with email id pavanshah@gmail.com added iphone 6s to cart","timestamp":"2016-10-25T03:24:38.188Z"}
{"level":"info","message":"User with email id pavanshah@gmail.com deleted vacuum cleaner from cart","timestamp":"2016-10-25T06:46:40.982Z"}
{"level":"info","message":"User with email id pavanshah@gmail.com deleted iphone 6s from cart","timestamp":"2016-10-25T06:46:42.363Z"}
{"level":"info","message":"User with email id pavanshah@gmail.com clicked on sell on ebay","timestamp":"2016-10-25T06:47:22.593Z"}
{"level":"info","message":"User with email id pavanshah@gmail.com added new advertisement for Lenovo K3 note","timestamp":"2016-10-25T06:48:16.731Z"}
{"level":"info","message":"User with email id pavanshah@gmail.com added iphone 6s to cart","timestamp":"2016-10-25T06:48:31.983Z"}
{"level":"info","message":"User with email id pavanshah@gmail.com clicked on checkout","timestamp":"2016-10-25T06:48:42.148Z"}
{"level":"info","message":"User with email id pavanshah@gmail.com clicked on sell on ebay","timestamp":"2016-10-25T06:48:48.648Z"}
{"level":"info","message":"User with email id pavanshah@gmail.com clicked on my account","timestamp":"2016-10-25T06:48:52.662Z"}
{"level":"info","message":"User with email id pavanshah@gmail.com clicked on checkout","timestamp":"2016-10-25T06:52:41.445Z"}
{"level":"info","message":"User with email id pavanshah@gmail.com clicked on checkout","timestamp":"2016-10-25T06:52:49.144Z"}
{"level":"info","message":"User with email id pavanshah@gmail.com clicked on my account","timestamp":"2016-10-25T07:01:06.755Z"}
{"level":"info","message":"User with email id pavanshah@gmail.com clicked on my account","timestamp":"2016-10-25T07:02:08.847Z"}
{"level":"info","message":"User with email id pavanshah@gmail.com clicked on my account","timestamp":"2016-10-25T07:04:48.842Z"}
{"level":"info","message":"User with email id pavanshah@gmail.com clicked on my account","timestamp":"2016-10-25T07:07:23.749Z"}
{"level":"info","message":"User with email id pavanshah@gmail.com clicked on my account","timestamp":"2016-10-25T07:08:05.497Z"}
{"level":"info","message":"User with email id pavanshah@gmail.com clicked on my account","timestamp":"2016-10-25T07:10:22.574Z"}
{"level":"info","message":"User with email id pavanshah@gmail.com clicked on my account","timestamp":"2016-10-25T07:12:25.319Z"}
{"level":"info","message":"User with email id pavanshah@gmail.com clicked on my account","timestamp":"2016-10-25T07:14:31.292Z"}
{"level":"info","message":"User with email id pavanshah@gmail.com clicked on my account","timestamp":"2016-10-25T07:28:53.168Z"}
{"level":"info","message":"User with email id pavanshah@gmail.com clicked on my account","timestamp":"2016-10-25T07:33:46.752Z"}
{"level":"info","message":"User with email id amitpatel@gmail.com clicked on my account","timestamp":"2016-10-25T07:45:22.765Z"}
{"level":"info","message":"User with email id vanshzaveri@gmail.com clicked on my account","timestamp":"2016-10-25T07:46:45.093Z"}
{"level":"info","message":"User with email id vanshzaveri@gmail.com clicked on sell on ebay","timestamp":"2016-10-25T07:46:49.678Z"}
{"level":"info","message":"User with email id vanshzaveri@gmail.com clicked on sell on ebay","timestamp":"2016-10-25T07:46:55.771Z"}
{"level":"info","message":"User with email id vanshzaveri@gmail.com added new advertisement for Dell Inspiron Laptop","timestamp":"2016-10-25T07:47:37.254Z"}
{"level":"info","message":"User with email id vanshzaveri@gmail.com added Lenovo K3 note to cart","timestamp":"2016-10-25T07:47:42.445Z"}
{"level":"info","message":"User with email id vanshzaveri@gmail.com clicked on checkout","timestamp":"2016-10-25T07:47:44.368Z"}
{"level":"info","message":"User with email id pavanshah@gmail.com added Lenovo K3 note to cart","timestamp":"2016-10-25T08:04:48.419Z"}
{"level":"info","message":"User with email id pavanshah@gmail.com added vacuum cleaner to cart","timestamp":"2016-10-25T08:23:44.197Z"}
{"level":"info","message":"User with email id pavanshah@gmail.com added Lenovo K3 note to cart","timestamp":"2016-10-25T08:23:47.048Z"}
{"level":"info","message":"User with email id pavanshah@gmail.com deleted Lenovo K3 note from cart","timestamp":"2016-10-25T08:23:54.541Z"}
{"level":"info","message":"User with email id pavanshah@gmail.com deleted vacuum cleaner from cart","timestamp":"2016-10-25T08:24:01.141Z"}
{"level":"info","message":"User with email id amitpatel@gmail.com clicked on sell on ebay","timestamp":"2016-10-25T08:46:57.627Z"}
{"level":"info","message":"User with email id amitpatel@gmail.com clicked on sell on ebay","timestamp":"2016-10-25T08:51:30.777Z"}
{"level":"info","message":"User with email id amitpatel@gmail.com clicked on sell on ebay","timestamp":"2016-10-25T09:00:52.620Z"}
{"level":"info","message":"User with email id amitpatel@gmail.com clicked on my account","timestamp":"2016-10-25T09:03:49.024Z"}
{"level":"info","message":"User with email id amitpatel@gmail.com clicked on sell on ebay","timestamp":"2016-10-25T09:03:52.687Z"}
{"level":"info","message":"User with email id amitpatel@gmail.com clicked on sell on ebay","timestamp":"2016-10-25T09:06:32.197Z"}
{"level":"info","message":"User with email id amitpatel@gmail.com added Lenovo K3 note to cart","timestamp":"2016-10-25T09:07:26.472Z"}
{"level":"info","message":"User with email id amitpatel@gmail.com added Dell Inspiron Laptop to cart","timestamp":"2016-10-25T09:11:12.838Z"}
{"level":"info","message":"User with email id amitpatel@gmail.com clicked on my account","timestamp":"2016-10-25T09:11:14.899Z"}
{"level":"info","message":"User with email id amitpatel@gmail.com clicked on sell on ebay","timestamp":"2016-10-25T09:11:18.124Z"}
{"level":"info","message":"User with email id amitpatel@gmail.com clicked on my account","timestamp":"2016-10-25T09:11:22.997Z"}
{"level":"info","message":"User with email id pavanshah@gmail.com added Dell Inspiron Laptop to cart","timestamp":"2016-10-25T09:12:48.006Z"}
{"level":"info","message":"User with email id pavanshah@gmail.com clicked on checkout","timestamp":"2016-10-25T09:12:50.542Z"}
{"level":"info","message":"User with email id vanshzaveri@gmail.com clicked on my account","timestamp":"2016-10-25T09:15:17.469Z"}
{"level":"info","message":"User with email id vanshzaveri@gmail.com clicked on sell on ebay","timestamp":"2016-10-25T09:15:22.210Z"}
{"level":"info","message":"User with email id vanshzaveri@gmail.com clicked on checkout","timestamp":"2016-10-25T09:16:12.624Z"}
{"level":"info","message":"User with email id pavanshah@gmail.com clicked on sell on ebay","timestamp":"2016-10-25T09:25:10.799Z"}
{"level":"info","message":"User with email id vanshzaveri@gmail.com clicked on sell on ebay","timestamp":"2016-10-25T09:28:28.099Z"}
{"level":"info","message":"User with email id pavanshah@gmail.com clicked on sell on ebay","timestamp":"2016-10-25T09:34:52.019Z"}
{"level":"info","message":"User with email id pavanshah@gmail.com clicked on my account","timestamp":"2016-10-25T09:36:23.226Z"}
{"level":"info","message":"User with email id pavanshah@gmail.com clicked on sell on ebay","timestamp":"2016-10-25T09:40:07.317Z"}
{"level":"info","message":"User with email id amitpatel@gmail.com clicked on sell on ebay","timestamp":"2016-10-25T09:42:27.184Z"}
{"level":"info","message":"User with email id pavanshah@gmail.com clicked on sell on ebay","timestamp":"2016-10-25T09:43:46.695Z"}
{"level":"info","message":"User with email id vanshzaveri@gmail.com clicked on sell on ebay","timestamp":"2016-10-25T09:55:07.101Z"}
{"level":"info","message":"User with email id vanshzaveri@gmail.com clicked on sell on ebay","timestamp":"2016-10-25T09:55:35.972Z"}
{"level":"info","message":"User with email id pavanshah@gmail.com clicked on sell on ebay","timestamp":"2016-10-25T10:00:07.992Z"}
{"level":"info","message":"User with email id pavanshah@gmail.com clicked on sell on ebay","timestamp":"2016-10-25T10:04:09.214Z"}
{"level":"info","message":"User with email id pavanshah@gmail.com clicked on sell on ebay","timestamp":"2016-10-25T10:11:33.347Z"}
{"level":"info","message":"User with email id pavanshah@gmail.com clicked on sell on ebay","timestamp":"2016-10-25T10:18:03.461Z"}
{"level":"info","message":"User with email id vanshzaveri@gmail.com clicked on sell on ebay","timestamp":"2016-10-25T10:18:20.222Z"}
{"level":"info","message":"User with email id vanshzaveri@gmail.com clicked on my account","timestamp":"2016-10-25T10:21:02.563Z"}
{"level":"info","message":"User with email id vanshzaveri@gmail.com clicked on sell on ebay","timestamp":"2016-10-25T10:21:05.036Z"}
{"level":"info","message":"User with email id vanshzaveri@gmail.com clicked on sell on ebay","timestamp":"2016-10-25T10:22:22.396Z"}
{"level":"info","message":"User with email id pavanshah@gmail.com clicked on sell on ebay","timestamp":"2016-10-25T21:51:35.915Z"}
{"level":"info","message":"User with email id pavanshah@gmail.com clicked on sell on ebay","timestamp":"2016-10-25T21:53:09.988Z"}
{"level":"info","message":"User with email id pavanshah@gmail.com clicked on sell on ebay","timestamp":"2016-10-25T22:03:33.903Z"}
{"level":"info","message":"User with email id pavanshah@gmail.com clicked on my account","timestamp":"2016-10-25T22:05:02.065Z"}
{"level":"info","message":"User with email id amitpatel@gmail.com clicked on sell on ebay","timestamp":"2016-10-25T22:13:52.824Z"}
{"level":"info","message":"Bidding item TV set will be sold on 29","timestamp":"2016-10-25T22:14:21.113Z"}
{"level":"info","message":"User with email id vanshzaveri@gmail.com clicked on sell on ebay","timestamp":"2016-10-25T22:21:16.966Z"}
{"level":"info","message":"User with email id vanshzaveri@gmail.com clicked on sell on ebay","timestamp":"2016-10-25T22:21:25.169Z"}
{"level":"info","message":"User with email id pavanshah@gmail.com clicked on sell on ebay","timestamp":"2016-10-25T22:29:15.849Z"}
{"level":"info","message":"User with email id pavanshah@gmail.com clicked on sell on ebay","timestamp":"2016-10-25T22:32:33.343Z"}
{"level":"info","message":"Bidding item Sterio system ready for sell","timestamp":"2016-10-25T22:34:04.070Z"}
{"level":"info","message":"User with email id vanshzaveri@gmail.com added Dell Inspiron Laptop to cart","timestamp":"2016-10-25T22:34:35.319Z"}
{"level":"info","message":"User with email id pavanshah@gmail.com clicked on my account","timestamp":"2016-10-26T01:53:09.389Z"}
{"level":"info","message":"User with email id pavanshah@gmail.com clicked on my account","timestamp":"2016-10-26T01:53:43.334Z"}
{"level":"info","message":"User with email id pavanshah@gmail.com added Dell Inspiron Laptop to cart","timestamp":"2016-10-26T01:54:37.161Z"}
{"level":"info","message":"User with email id pavanshah@gmail.com clicked on my account","timestamp":"2016-10-26T19:09:42.504Z"}
{"level":"info","message":"User with email id pavanshah@gmail.com clicked on sell on ebay","timestamp":"2016-10-26T19:09:52.171Z"}
{"level":"info","message":"User with email id pavanshah@gmail.com clicked on checkout","timestamp":"2016-10-26T19:09:57.265Z"}
{"level":"info","message":"User with email id nitishbarya@gmail.com clicked on sell on ebay","timestamp":"2016-10-27T21:40:58.871Z"}
{"level":"info","message":"User with email id nitishbarya@gmail.com clicked on my account","timestamp":"2016-10-27T21:41:25.781Z"}
{"level":"info","message":"User with email id pavanshah@gmail.com clicked on my account","timestamp":"2016-10-27T21:44:45.576Z"}
{"level":"info","message":"User with email id pavanshah@gmail.com clicked on my account","timestamp":"2016-10-27T21:46:02.335Z"}
{"level":"info","message":"User with email id pavanshah@gmail.com clicked on my account","timestamp":"2016-10-27T21:47:23.217Z"}
{"level":"info","message":"User with email id pavanshah@gmail.com clicked on my account","timestamp":"2016-10-27T21:48:37.944Z"}
{"level":"info","message":"User with email id pavanshah@gmail.com clicked on my account","timestamp":"2016-10-27T21:49:36.068Z"}
{"level":"info","message":"User with email id pavanshah@gmail.com clicked on my account","timestamp":"2016-10-27T21:50:14.634Z"}
{"level":"info","message":"User with email id pavanshah@gmail.com clicked on my account","timestamp":"2016-10-27T21:54:26.795Z"}
{"level":"info","message":"User with email id pavanshah@gmail.com clicked on my account","timestamp":"2016-10-27T21:55:42.906Z"}
{"level":"info","message":"User with email id nitishbarya@gmail.com clicked on my account","timestamp":"2016-10-27T21:56:05.215Z"}
{"level":"info","message":"User with email id nitishbarya@gmail.com added Dell Inspiron Laptop to cart","timestamp":"2016-10-27T21:56:13.102Z"}
{"level":"info","message":"User with email id nitishbarya@gmail.com clicked on checkout","timestamp":"2016-10-27T21:56:14.929Z"}
{"level":"info","message":"User with email id nitishbarya@gmail.com clicked on my account","timestamp":"2016-10-27T21:56:53.973Z"}
{"level":"info","message":"User with email id nitishbarya@gmail.com clicked on sell on ebay","timestamp":"2016-10-27T21:57:07.331Z"}
{"level":"info","message":"User with email id nitishbarya@gmail.com added new advertisement for XBox one","timestamp":"2016-10-27T21:57:58.767Z"}
{"level":"info","message":"User with email id nitishbarya@gmail.com clicked on my account","timestamp":"2016-10-27T21:58:04.030Z"}
{"level":"info","message":"User with email id nitishbarya@gmail.com clicked on my account","timestamp":"2016-10-27T22:13:17.448Z"}
{"level":"info","message":"User with email id amitpatel@gmail.com clicked on my account","timestamp":"2016-10-27T22:24:22.915Z"}
{"level":"info","message":"User with email id pavanshah@gmail.com clicked on my account","timestamp":"2016-10-27T22:24:41.258Z"}
{"level":"info","message":"User with email id undefined clicked on my account","timestamp":"2016-10-27T22:24:51.100Z"}
{"level":"info","message":"User with email id undefined clicked on my account","timestamp":"2016-10-27T22:25:50.872Z"}
{"level":"info","message":"User with email id undefined clicked on my account","timestamp":"2016-10-27T22:25:50.880Z"}
{"level":"info","message":"User with email id undefined clicked on my account","timestamp":"2016-10-27T22:27:50.910Z"}
{"level":"info","message":"User with email id pavanshah@gmail.com clicked on my account","timestamp":"2016-10-27T22:29:08.440Z"}
{"level":"info","message":"User with email id pavanshah@gmail.com clicked on my account","timestamp":"2016-10-27T22:29:58.205Z"}
{"level":"info","message":"User with email id pavanshah@gmail.com clicked on my account","timestamp":"2016-10-27T22:35:52.669Z"}
{"level":"info","message":"User with email id undefined clicked on my account","timestamp":"2016-10-27T22:36:04.076Z"}
{"level":"info","message":"User with email id undefined clicked on my account","timestamp":"2016-10-27T22:36:22.689Z"}
{"level":"info","message":"User with email id undefined clicked on my account","timestamp":"2016-10-27T22:36:30.979Z"}
{"level":"info","message":"User with email id sarthakgandhi@gmail.com clicked on my account","timestamp":"2016-10-27T22:43:16.996Z"}
{"level":"info","message":"User with email id apoorvmehta@gmail.com clicked on my account","timestamp":"2016-10-27T22:49:04.211Z"}
{"level":"info","message":"User with email id undefined clicked on my account","timestamp":"2016-10-27T22:49:18.897Z"}
{"level":"info","message":"User with email id undefined clicked on my account","timestamp":"2016-10-27T22:49:35.362Z"}
{"level":"info","message":"User with email id undefined clicked on my account","timestamp":"2016-10-27T22:50:39.253Z"}
{"level":"info","message":"User with email id pavanshah@gmail.com clicked on my account","timestamp":"2016-10-27T22:50:57.944Z"}
{"level":"info","message":"User with email id pavanshah@gmail.com clicked on my account","timestamp":"2016-10-27T23:00:44.219Z"}
{"level":"info","message":"User with email id pavanshah@gmail.com clicked on my account","timestamp":"2016-10-27T23:04:52.362Z"}
{"level":"info","message":"User with email id undefined clicked on my account","timestamp":"2016-10-28T21:47:49.901Z"}
{"level":"info","message":"User with email id undefined clicked on my account","timestamp":"2016-10-28T21:47:58.007Z"}
{"level":"info","message":"User with email id pavanshah@gmail.com added Lenovo K3 note to cart","timestamp":"2016-11-01T06:50:53.747Z"}
{"level":"info","message":"User with email id vanshzaveri@gmail.com added XBox one to cart","timestamp":"2016-11-01T07:03:00.945Z"}
{"level":"info","message":"User with email id pavanshah@gmail.com deleted XBox one from cart","timestamp":"2016-11-01T07:22:39.927Z"}
{"level":"info","message":"User with email id pavanshah@gmail.com deleted XBox one from cart","timestamp":"2016-11-01T07:26:39.707Z"}
{"level":"info","message":"User with email id pavanshah@gmail.com deleted Lenovo K3 note from cart","timestamp":"2016-11-01T07:27:16.198Z"}
{"level":"info","message":"User with email id pavanshah@gmail.com added XBox one to cart","timestamp":"2016-11-01T07:28:45.136Z"}
{"level":"info","message":"User with email id pavanshah@gmail.com deleted XBox one from cart","timestamp":"2016-11-01T07:28:49.627Z"}
{"level":"info","message":"User with email id vanshzaveri@gmail.com deleted Lenovo K3 note from cart","timestamp":"2016-11-01T07:39:58.428Z"}
{"level":"info","message":"User with email id pavanshah@gmail.com clicked on my account","timestamp":"2016-11-01T08:03:42.025Z"}
{"level":"info","message":"User with email id pavanshah@gmail.com clicked on my account","timestamp":"2016-11-01T08:13:00.917Z"}
{"level":"info","message":"User with email id vanshzaveri@gmail.com clicked on my account","timestamp":"2016-11-01T08:16:33.695Z"}
{"level":"info","message":"User with email id pavanshah@gmail.com clicked on sell on ebay","timestamp":"2016-11-01T08:18:21.267Z"}
{"level":"info","message":"User with email id pavanshah@gmail.com deleted Dell Inspiron Laptop from cart","timestamp":"2016-11-01T08:18:39.664Z"}
{"level":"info","message":"User with email id pavanshah@gmail.com added XBox one to cart","timestamp":"2016-11-01T08:18:44.901Z"}
{"level":"info","message":"User with email id pavanshah@gmail.com clicked on sell on ebay","timestamp":"2016-11-01T08:30:04.994Z"}
{"level":"info","message":"User with email id pavanshah@gmail.com added new advertisement for Gym equipments","timestamp":"2016-11-01T08:30:36.079Z"}
{"level":"info","message":"User with email id amitpatel@gmail.com clicked on sell on ebay","timestamp":"2016-11-01T08:35:12.331Z"}
{"level":"info","message":"User with email id amitpatel@gmail.com added new advertisement for Gym equipments","timestamp":"2016-11-01T08:35:21.870Z"}
{"level":"info","message":"User with email id apoorvmehta@gmail.com clicked on my account","timestamp":"2016-11-01T08:37:05.726Z"}
{"level":"info","message":"User with email id apoorvmehta@gmail.com clicked on sell on ebay","timestamp":"2016-11-01T08:37:09.216Z"}
{"level":"info","message":"User with email id apoorvmehta@gmail.com clicked on sell on ebay","timestamp":"2016-11-01T08:37:23.499Z"}
{"level":"info","message":"User with email id apoorvmehta@gmail.com added new advertisement for Electric iron","timestamp":"2016-11-01T08:37:47.360Z"}
{"level":"info","message":"User with email id apoorvmehta@gmail.com added XBox one to cart","timestamp":"2016-11-01T08:41:10.295Z"}
{"level":"info","message":"User with email id apoorvmehta@gmail.com clicked on checkout","timestamp":"2016-11-01T08:41:12.121Z"}
{"level":"info","message":"User with email id apoorvmehta@gmail.com clicked on checkout","timestamp":"2016-11-01T08:41:31.444Z"}
{"level":"info","message":"User with email id apoorvmehta@gmail.com clicked on my account","timestamp":"2016-11-01T08:41:35.458Z"}
{"level":"info","message":"User with email id nitishbarya@gmail.com clicked on sell on ebay","timestamp":"2016-11-01T08:54:57.338Z"}
{"level":"info","message":"User with email id nitishbarya@gmail.com clicked on sell on ebay","timestamp":"2016-11-01T09:00:11.011Z"}
{"level":"info","message":"User with email id nitishbarya@gmail.com clicked on sell on ebay","timestamp":"2016-11-01T09:01:25.208Z"}
{"level":"info","message":"Bidding item Bicycle ready for sell","timestamp":"2016-11-01T09:02:33.550Z"}
{"level":"info","message":"User with email id nitishbarya@gmail.com clicked on sell on ebay","timestamp":"2016-11-01T09:22:26.753Z"}
{"level":"info","message":"Bidding item Bicycle ready for sell","timestamp":"2016-11-01T09:23:45.791Z"}
{"level":"info","message":"User with email id nitishbarya@gmail.com clicked on sell on ebay","timestamp":"2016-11-01T09:27:31.486Z"}
{"level":"info","message":"Bidding item Bicycle ready for sell","timestamp":"2016-11-01T09:28:39.331Z"}
{"level":"info","message":"User with email id nitishbarya@gmail.com clicked on sell on ebay","timestamp":"2016-11-01T09:40:48.327Z"}
{"level":"info","message":"User with email id nitishbarya@gmail.com added XBox one to cart","timestamp":"2016-11-01T09:41:05.369Z"}
{"level":"info","message":"Bidding item Bicycle ready for sell","timestamp":"2016-11-01T09:41:56.459Z"}
{"level":"info","message":"User with email id pavanshah@gmail.com clicked on sell on ebay","timestamp":"2016-11-01T10:00:51.509Z"}
{"level":"info","message":"User with email id pavanshah@gmail.com added Lenovo K3 note to cart","timestamp":"2016-11-01T10:01:07.081Z"}
{"level":"info","message":"User with email id pavanshah@gmail.com deleted Lenovo K3 note from cart","timestamp":"2016-11-01T10:01:09.845Z"}
{"level":"info","message":"User with email id pavanshah@gmail.com clicked on sell on ebay","timestamp":"2016-11-01T10:02:04.234Z"}
{"level":"info","message":"User with email id pavanshah@gmail.com clicked on sell on ebay","timestamp":"2016-11-01T10:02:14.524Z"}
{"level":"info","message":"Bidding item Study table ready for sell","timestamp":"2016-11-01T10:03:44.511Z"}
{"level":"info","message":"User with email id pavanshah@gmail.com clicked on my account","timestamp":"2016-11-01T10:05:11.190Z"}
{"level":"info","message":"User with email id undefined clicked on my account","timestamp":"2016-11-01T10:08:35.505Z"}
{"level":"info","message":"User with email id undefined clicked on my account","timestamp":"2016-11-01T10:08:51.194Z"}
{"level":"info","message":"User with email id vanshzaveri@gmail.com deleted Dell Inspiron Laptop from cart","timestamp":"2016-11-01T21:46:06.837Z"}
{"level":"info","message":"User with email id vanshzaveri@gmail.com added Lenovo K3 note to cart","timestamp":"2016-11-01T21:46:13.468Z"}
{"level":"info","message":"User with email id vanshzaveri@gmail.com clicked on my account","timestamp":"2016-11-01T21:46:25.206Z"}
{"level":"info","message":"User with email id vanshzaveri@gmail.com clicked on checkout","timestamp":"2016-11-01T21:46:29.054Z"}
{"level":"info","message":"User with email id vanshzaveri@gmail.com clicked on my account","timestamp":"2016-11-01T21:46:47.652Z"}
{"level":"info","message":"User with email id pavanshah@gmail.com clicked on checkout","timestamp":"2016-11-01T22:12:03.446Z"}
{"level":"info","message":"User with email id pavanshah@gmail.com clicked on my account","timestamp":"2016-11-01T22:12:57.335Z"}
{"level":"info","message":"User with email id pavanshah@gmail.com clicked on checkout","timestamp":"2016-11-01T22:20:20.075Z"}
{"level":"info","message":"User with email id nitishbarya@gmail.com deleted XBox one from cart","timestamp":"2016-11-01T22:35:01.975Z"}
{"level":"info","message":"User with email id nitishbarya@gmail.com added Gym equipments to cart","timestamp":"2016-11-01T22:35:16.402Z"}
{"level":"info","message":"User with email id nitishbarya@gmail.com clicked on my account","timestamp":"2016-11-01T22:35:31.690Z"}
{"level":"info","message":"User with email id nitishbarya@gmail.com clicked on checkout","timestamp":"2016-11-01T22:35:44.500Z"}
